<testsuites id="" name="" tests="88" failures="0" skipped="0" errors="0" time="97.77791099999999">
<testsuite name="auth-extended.spec.ts" timestamp="2025-12-17T22:28:22.711Z" hostname="chromium" tests="6" failures="0" skipped="0" time="1.509" errors="0">
<testcase name="🔐 US-001: Tests Extendidos de Autenticación › TC-US-001-03: Login con usuario inexistente (Borde)" classname="auth-extended.spec.ts" time="0.173">
<system-out>
<![CDATA[
[[ATTACHMENT|..\e2e-tests\test-results\auth-extended-🔐-US-001-Te-bf18f--usuario-inexistente-Borde--chromium\trace.zip]]
]]>
</system-out>
</testcase>
<testcase name="🔐 US-001: Tests Extendidos de Autenticación › TC-US-001-04: Validar expiración de token JWT (Seguridad)" classname="auth-extended.spec.ts" time="0.077">
<system-out>
<![CDATA[
[[ATTACHMENT|..\e2e-tests\test-results\auth-extended-🔐-US-001-Te-62020-ión-de-token-JWT-Seguridad--chromium\trace.zip]]
]]>
</system-out>
</testcase>
<testcase name="🔐 US-001: Tests Extendidos de Autenticación › TC-US-001-05: Control RBAC - Mesero intenta acción de admin (Seguridad)" classname="auth-extended.spec.ts" time="1.046">
<system-out>
<![CDATA[
[[ATTACHMENT|..\e2e-tests\test-results\auth-extended-🔐-US-001-Te-210fa--acción-de-admin-Seguridad--chromium\trace.zip]]
]]>
</system-out>
</testcase>
<testcase name="🔐 US-002-004: Tests Adicionales de Autenticación › TC-US-003-01: Logout exitoso (Positivo)" classname="auth-extended.spec.ts" time="0.096">
<system-out>
<![CDATA[
[[ATTACHMENT|..\e2e-tests\test-results\auth-extended-🔐-US-002-00-b986f-01-Logout-exitoso-Positivo--chromium\trace.zip]]
]]>
</system-out>
</testcase>
<testcase name="🔐 US-002-004: Tests Adicionales de Autenticación › TC-US-004-01: Acceso sin token JWT (Negativo)" classname="auth-extended.spec.ts" time="0.062">
<system-out>
<![CDATA[
[[ATTACHMENT|..\e2e-tests\test-results\auth-extended-🔐-US-002-00-854d3-eso-sin-token-JWT-Negativo--chromium\trace.zip]]
]]>
</system-out>
</testcase>
<testcase name="🔐 US-002-004: Tests Adicionales de Autenticación › TC-US-004-02: Token malformado (Negativo)" classname="auth-extended.spec.ts" time="0.055">
<system-out>
<![CDATA[
[[ATTACHMENT|..\e2e-tests\test-results\auth-extended-🔐-US-002-00-5cf2d--Token-malformado-Negativo--chromium\trace.zip]]
]]>
</system-out>
</testcase>
</testsuite>
<testsuite name="auth.spec.ts" timestamp="2025-12-17T22:28:22.711Z" hostname="chromium" tests="3" failures="0" skipped="0" time="4.227" errors="0">
<testcase name="🔐 US-001: Login Unificado › TC-US-001-01: Login correcto de usuario mesero (Positivo)" classname="auth.spec.ts" time="0.065">
<system-out>
<![CDATA[
[[ATTACHMENT|..\e2e-tests\test-results\auth-🔐-US-001-Login-Unifi-330a6-de-usuario-mesero-Positivo--chromium\trace.zip]]
]]>
</system-out>
</testcase>
<testcase name="🔐 US-001: Login Unificado › TC-US-001-02: Login con contraseña incorrecta (Negativo)" classname="auth.spec.ts" time="0.067">
<system-out>
<![CDATA[
[[ATTACHMENT|..\e2e-tests\test-results\auth-🔐-US-001-Login-Unifi-53dd4-raseña-incorrecta-Negativo--chromium\trace.zip]]
]]>
</system-out>
</testcase>
<testcase name="🔐 US-002: Login de Admin › TC-US-002-01: Login correcto de administrador (Positivo)" classname="auth.spec.ts" time="4.095">
<system-out>
<![CDATA[
[[ATTACHMENT|..\e2e-tests\test-results\auth-🔐-US-002-Login-de-Ad-82c17--de-administrador-Positivo--chromium\test-finished-1.png]]

[[ATTACHMENT|..\e2e-tests\test-results\auth-🔐-US-002-Login-de-Ad-82c17--de-administrador-Positivo--chromium\video.webm]]

[[ATTACHMENT|..\e2e-tests\test-results\auth-🔐-US-002-Login-de-Ad-82c17--de-administrador-Positivo--chromium\trace.zip]]
]]>
</system-out>
</testcase>
</testsuite>
<testsuite name="kitchen.spec.ts" timestamp="2025-12-17T22:28:22.711Z" hostname="chromium" tests="12" failures="0" skipped="0" time="4.655" errors="0">
<testcase name="👨‍🍳 US-027: Recepción de Pedido en Cocina (RabbitMQ) › TC-US-027-01: Recepción correcta de pedido (Positivo)" classname="kitchen.spec.ts" time="0.317">
<system-out>
<![CDATA[
[[ATTACHMENT|..\e2e-tests\test-results\kitchen-👨‍🍳-US-027-Recep-dab15-orrecta-de-pedido-Positivo--chromium\trace.zip]]
]]>
</system-out>
</testcase>
<testcase name="👨‍🍳 US-027: Recepción de Pedido en Cocina (RabbitMQ) › TC-US-027-03: Procesamiento secuencial bajo carga (Borde)" classname="kitchen.spec.ts" time="0.107">
<system-out>
<![CDATA[
[[ATTACHMENT|..\e2e-tests\test-results\kitchen-👨‍🍳-US-027-Recep-d592f-ecuencial-bajo-carga-Borde--chromium\trace.zip]]
]]>
</system-out>
</testcase>
<testcase name="👨‍🍳 US-028: Iniciar Preparación del Pedido › TC-US-028-01: Inicio de preparación (Positivo)" classname="kitchen.spec.ts" time="0.325">
<system-out>
<![CDATA[
[[ATTACHMENT|..\e2e-tests\test-results\kitchen-👨‍🍳-US-028-Inici-f0093-io-de-preparación-Positivo--chromium\trace.zip]]
]]>
</system-out>
</testcase>
<testcase name="👨‍🍳 US-028: Iniciar Preparación del Pedido › TC-US-028-02: Pedido ya en preparación (Negativo)" classname="kitchen.spec.ts" time="0.311">
<system-out>
<![CDATA[
[[ATTACHMENT|..\e2e-tests\test-results\kitchen-👨‍🍳-US-028-Inici-e3a32-ya-en-preparación-Negativo--chromium\trace.zip]]
]]>
</system-out>
</testcase>
<testcase name="👨‍🍳 US-029: Marcar Pedido como Listo › TC-US-029-01: Pedido listo (Positivo)" classname="kitchen.spec.ts" time="0.33">
<system-out>
<![CDATA[
[[ATTACHMENT|..\e2e-tests\test-results\kitchen-👨‍🍳-US-029-Marca-ec6a0-9-01-Pedido-listo-Positivo--chromium\trace.zip]]
]]>
</system-out>
</testcase>
<testcase name="👨‍🍳 US-029: Marcar Pedido como Listo › TC-US-029-02: Cambio de estado inválido (Negativo)" classname="kitchen.spec.ts" time="0.319">
<system-out>
<![CDATA[
[[ATTACHMENT|..\e2e-tests\test-results\kitchen-👨‍🍳-US-029-Marca-6ecc6-e-estado-inválido-Negativo--chromium\trace.zip]]
]]>
</system-out>
</testcase>
<testcase name="👨‍🍳 US-030: Notificaciones en Tiempo Real (WebSocket) › TC-US-030-02: WebSocket desconectado - Fallback a API (Negativo)" classname="kitchen.spec.ts" time="0.356">
<system-out>
<![CDATA[
[[ATTACHMENT|..\e2e-tests\test-results\kitchen-👨‍🍳-US-030-Notif-24995----Fallback-a-API-Negativo--chromium\trace.zip]]
]]>
</system-out>
</testcase>
<testcase name="👨‍🍳 US-030: Notificaciones en Tiempo Real (WebSocket) › TC-US-030-01: Notificación en tiempo real (Positivo)" classname="kitchen.spec.ts" time="0.338">
<system-out>
<![CDATA[📝 Log guardado: C:\Users\maria.gutierrezn\Documents\SistemaDePedidosRestaurante\test-results\logs\TC-US-030-01_1766010516180.json

[[ATTACHMENT|..\e2e-tests\test-results\kitchen-👨‍🍳-US-030-Notif-a923f-ón-en-tiempo-real-Positivo--chromium\trace.zip]]
]]>
</system-out>
</testcase>
<testcase name="👨‍🍳 US-030: Notificaciones en Tiempo Real (WebSocket) › TC-US-030-03: Reconexión automática WebSocket (Borde)" classname="kitchen.spec.ts" time="0.325">
<system-out>
<![CDATA[📝 Log guardado: C:\Users\maria.gutierrezn\Documents\SistemaDePedidosRestaurante\test-results\logs\TC-US-030-03_1766010516677.json

[[ATTACHMENT|..\e2e-tests\test-results\kitchen-👨‍🍳-US-030-Notif-77ecb-automática-WebSocket-Borde--chromium\trace.zip]]
]]>
</system-out>
</testcase>
<testcase name="👨‍🍳 US-027: Recepción de Pedido - Casos Adicionales › TC-US-027-02: RabbitMQ caído (Negativo)" classname="kitchen.spec.ts" time="0.319">
<system-out>
<![CDATA[📝 Log guardado: C:\Users\maria.gutierrezn\Documents\SistemaDePedidosRestaurante\test-results\logs\TC-US-027-02_1766010517127.json

[[ATTACHMENT|..\e2e-tests\test-results\kitchen-👨‍🍳-US-027-Recep-c8ace-02-RabbitMQ-caído-Negativo--chromium\trace.zip]]
]]>
</system-out>
</testcase>
<testcase name="👨‍🍳 US-028: Preparación - Casos Adicionales › TC-US-028-03: Múltiples cocineros mismo pedido (Borde)" classname="kitchen.spec.ts" time="1.016">
<system-out>
<![CDATA[📝 Log guardado: C:\Users\maria.gutierrezn\Documents\SistemaDePedidosRestaurante\test-results\logs\TC-US-028-03_1766010518291.json

[[ATTACHMENT|..\e2e-tests\test-results\kitchen-👨‍🍳-US-028-Prepa-af79e-cineros-mismo-pedido-Borde--chromium\trace.zip]]
]]>
</system-out>
</testcase>
<testcase name="👨‍🍳 US-029: Finalización - Casos Adicionales › TC-US-029-03: Red inestable durante finalización (Borde)" classname="kitchen.spec.ts" time="0.592">
<system-out>
<![CDATA[📝 Log guardado: C:\Users\maria.gutierrezn\Documents\SistemaDePedidosRestaurante\test-results\logs\TC-US-029-03_1766010519089.json

[[ATTACHMENT|..\e2e-tests\test-results\kitchen-👨‍🍳-US-029-Final-48d55-durante-finalización-Borde--chromium\trace.zip]]
]]>
</system-out>
</testcase>
</testsuite>
<testsuite name="orders-extended.spec.ts" timestamp="2025-12-17T22:28:22.711Z" hostname="chromium" tests="4" failures="0" skipped="0" time="2.417" errors="0">
<testcase name="📋 US-021: Crear Pedido - Validación › TC-US-021-04: Crear pedido sin productos (Validación)" classname="orders-extended.spec.ts" time="0.774">
<system-out>
<![CDATA[
[[ATTACHMENT|..\e2e-tests\test-results\orders-extended-📋-US-021--4b9ec-o-sin-productos-Validación--chromium\trace.zip]]
]]>
</system-out>
</testcase>
<testcase name="📋 US-022: Actualizar Estado Pedido - Validación › TC-US-022-04: Actualizar con estado inválido (Validación)" classname="orders-extended.spec.ts" time="0.39">
<system-out>
<![CDATA[
[[ATTACHMENT|..\e2e-tests\test-results\orders-extended-📋-US-022--e0833-estado-inválido-Validación--chromium\trace.zip]]
]]>
</system-out>
</testcase>
<testcase name="📋 US-024: Cancelar Pedido - Casos Avanzados › TC-US-024-04: Cancelar pedido ya completado (Validación)" classname="orders-extended.spec.ts" time="1.118">
<system-out>
<![CDATA[
[[ATTACHMENT|..\e2e-tests\test-results\orders-extended-📋-US-024--998c8-o-ya-completado-Validación--chromium\trace.zip]]
]]>
</system-out>
</testcase>
<testcase name="📋 US-025: Listar Pedidos - Performance › TC-US-025-04: Listado con 1000+ pedidos (Borde)" classname="orders-extended.spec.ts" time="0.135">
<system-out>
<![CDATA[📋 Tiempo de respuesta para listado masivo: 6ms

[[ATTACHMENT|..\e2e-tests\test-results\orders-extended-📋-US-025--a7ef9-ado-con-1000-pedidos-Borde--chromium\trace.zip]]
]]>
</system-out>
</testcase>
</testsuite>
<testsuite name="orders.spec.ts" timestamp="2025-12-17T22:28:22.711Z" hostname="chromium" tests="17" failures="0" skipped="0" time="6.471" errors="0">
<testcase name="📝 US-021: Crear Pedido › TC-US-021-01: Creación exitosa de pedido (Positivo)" classname="orders.spec.ts" time="0.32">
<system-out>
<![CDATA[📝 Log guardado: C:\Users\maria.gutierrezn\Documents\SistemaDePedidosRestaurante\test-results\logs\TC-US-021-01_1766010522794.json

[[ATTACHMENT|..\e2e-tests\test-results\orders-📝-US-021-Crear-Ped-bbd26-exitosa-de-pedido-Positivo--chromium\trace.zip]]
]]>
</system-out>
</testcase>
<testcase name="📝 US-021: Crear Pedido › TC-US-021-02: Creación de pedido sin mesa (Negativo)" classname="orders.spec.ts" time="0.317">
<system-out>
<![CDATA[📝 Log guardado: C:\Users\maria.gutierrezn\Documents\SistemaDePedidosRestaurante\test-results\logs\TC-US-021-02_1766010523289.json

[[ATTACHMENT|..\e2e-tests\test-results\orders-📝-US-021-Crear-Ped-c5870-e-pedido-sin-mesa-Negativo--chromium\trace.zip]]
]]>
</system-out>
</testcase>
<testcase name="📝 US-021: Crear Pedido › TC-US-021-03: Pedido con cantidad máxima de productos (Borde)" classname="orders.spec.ts" time="0.333">
<system-out>
<![CDATA[📝 Log guardado: C:\Users\maria.gutierrezn\Documents\SistemaDePedidosRestaurante\test-results\logs\TC-US-021-03_1766010523925.json

[[ATTACHMENT|..\e2e-tests\test-results\orders-📝-US-021-Crear-Ped-c2e88--máxima-de-productos-Borde--chromium\trace.zip]]
]]>
</system-out>
</testcase>
<testcase name="📝 US-022: Enviar Pedido a Cocina › TC-US-022-01: Envío exitoso de pedido (Positivo)" classname="orders.spec.ts" time="0.337">
<system-out>
<![CDATA[
[[ATTACHMENT|..\e2e-tests\test-results\orders-📝-US-022-Enviar-Pe-f844c-exitoso-de-pedido-Positivo--chromium\trace.zip]]
]]>
</system-out>
</testcase>
<testcase name="📝 US-023: Validar Pedido Vacío › TC-US-023-01: Pedido vacío rechazado (Negativo)" classname="orders.spec.ts" time="0.321">
<system-out>
<![CDATA[📝 Log guardado: C:\Users\maria.gutierrezn\Documents\SistemaDePedidosRestaurante\test-results\logs\TC-US-023-01_1766010524906.json

[[ATTACHMENT|..\e2e-tests\test-results\orders-📝-US-023-Validar-P-4a071-o-vacío-rechazado-Negativo--chromium\trace.zip]]
]]>
</system-out>
</testcase>
<testcase name="📝 US-023: Validar Pedido Vacío › TC-US-023-02: Pedido con un solo producto (Borde)" classname="orders.spec.ts" time="0.314">
<system-out>
<![CDATA[📝 Log guardado: C:\Users\maria.gutierrezn\Documents\SistemaDePedidosRestaurante\test-results\logs\TC-US-023-02_1766010525419.json

[[ATTACHMENT|..\e2e-tests\test-results\orders-📝-US-023-Validar-P-39da6-con-un-solo-producto-Borde--chromium\trace.zip]]
]]>
</system-out>
</testcase>
<testcase name="📝 US-025: Cancelar Pedido › TC-US-025-01: Cancelación de pedido pending (Positivo)" classname="orders.spec.ts" time="0.324">
<system-out>
<![CDATA[
[[ATTACHMENT|..\e2e-tests\test-results\orders-📝-US-025-Cancelar--ad9be-de-pedido-pending-Positivo--chromium\trace.zip]]
]]>
</system-out>
</testcase>
<testcase name="📝 US-026: Visualizar Estado del Pedido › TC-US-026-01: Consulta de estado actualizado (Positivo)" classname="orders.spec.ts" time="0.127">
<system-out>
<![CDATA[
[[ATTACHMENT|..\e2e-tests\test-results\orders-📝-US-026-Visualiza-2c80a-stado-actualizado-Positivo--chromium\trace.zip]]
]]>
</system-out>
</testcase>
<testcase name="📝 US-026: Visualizar Estado del Pedido › TC-US-026-02: Consultar pedido inexistente (Negativo)" classname="orders.spec.ts" time="0.334">
<system-out>
<![CDATA[📝 Log guardado: C:\Users\maria.gutierrezn\Documents\SistemaDePedidosRestaurante\test-results\logs\TC-US-026-02_1766010527019.json

[[ATTACHMENT|..\e2e-tests\test-results\orders-📝-US-026-Visualiza-05e36-edido-inexistente-Negativo--chromium\trace.zip]]
]]>
</system-out>
</testcase>
<testcase name="📝 US-026: Visualizar Estado del Pedido › TC-US-026-03: Consulta bajo carga (Borde)" classname="orders.spec.ts" time="0.481">
<system-out>
<![CDATA[📝 Log guardado: C:\Users\maria.gutierrezn\Documents\SistemaDePedidosRestaurante\test-results\logs\TC-US-026-03_1766010529239.json

[[ATTACHMENT|..\e2e-tests\test-results\orders-📝-US-026-Visualiza-14fd6--Consulta-bajo-carga-Borde--chromium\trace.zip]]
]]>
</system-out>
</testcase>
<testcase name="📝 US-022: Envío de Pedido a Cocina › TC-US-022-02: Envío a cocina exitoso (Positivo)" classname="orders.spec.ts" time="0.322">
<system-out>
<![CDATA[
[[ATTACHMENT|..\e2e-tests\test-results\orders-📝-US-022-Envío-de--86d4a--a-cocina-exitoso-Positivo--chromium\trace.zip]]
]]>
</system-out>
</testcase>
<testcase name="📝 US-022: Envío de Pedido a Cocina › TC-US-022-03: Envío con RabbitMQ caído (Negativo)" classname="orders.spec.ts" time="0.481">
<system-out>
<![CDATA[📝 Log guardado: C:\Users\maria.gutierrezn\Documents\SistemaDePedidosRestaurante\test-results\logs\TC-US-022-03_1766010531151.json

[[ATTACHMENT|..\e2e-tests\test-results\orders-📝-US-022-Envío-de--6485f-on-RabbitMQ-caído-Negativo--chromium\trace.zip]]
]]>
</system-out>
</testcase>
<testcase name="📝 US-024: Editar Pedido › TC-US-024-01: Edición de pedido pendiente (Positivo)" classname="orders.spec.ts" time="0.418">
<system-out>
<![CDATA[
[[ATTACHMENT|..\e2e-tests\test-results\orders-📝-US-024-Editar-Pe-4561a--pedido-pendiente-Positivo--chromium\trace.zip]]
]]>
</system-out>
</testcase>
<testcase name="📝 US-024: Editar Pedido › TC-US-024-02: Editar pedido en preparación (Negativo)" classname="orders.spec.ts" time="0.328">
<system-out>
<![CDATA[📝 Log guardado: C:\Users\maria.gutierrezn\Documents\SistemaDePedidosRestaurante\test-results\logs\TC-US-024-02_1766010533064.json

[[ATTACHMENT|..\e2e-tests\test-results\orders-📝-US-024-Editar-Pe-002f7-do-en-preparación-Negativo--chromium\trace.zip]]
]]>
</system-out>
</testcase>
<testcase name="📝 US-024: Editar Pedido › TC-US-024-03: Edición concurrente (Borde)" classname="orders.spec.ts" time="0.97">
<system-out>
<![CDATA[📝 Log guardado: C:\Users\maria.gutierrezn\Documents\SistemaDePedidosRestaurante\test-results\logs\TC-US-024-03_1766010534563.json

[[ATTACHMENT|..\e2e-tests\test-results\orders-📝-US-024-Editar-Pe-45688--Edición-concurrente-Borde--chromium\trace.zip]]
]]>
</system-out>
</testcase>
<testcase name="📝 US-025: Cancelar Pedido › TC-US-025-02: Cancelación exitosa (Positivo)" classname="orders.spec.ts" time="0.411">
<system-out>
<![CDATA[
[[ATTACHMENT|..\e2e-tests\test-results\orders-📝-US-025-Cancelar--f43ed-ncelación-exitosa-Positivo--chromium\trace.zip]]
]]>
</system-out>
</testcase>
<testcase name="📝 US-025: Cancelar Pedido › TC-US-025-03: Cancelar pedido listo (Negativo)" classname="orders.spec.ts" time="0.333">
<system-out>
<![CDATA[📝 Log guardado: C:\Users\maria.gutierrezn\Documents\SistemaDePedidosRestaurante\test-results\logs\TC-US-025-03_1766010536371.json

[[ATTACHMENT|..\e2e-tests\test-results\orders-📝-US-025-Cancelar--9fd3d-elar-pedido-listo-Negativo--chromium\trace.zip]]
]]>
</system-out>
</testcase>
</testsuite>
<testsuite name="products-extended.spec.ts" timestamp="2025-12-17T22:28:22.711Z" hostname="chromium" tests="5" failures="0" skipped="0" time="2.112" errors="0">
<testcase name="🍔 US-010: Crear Producto - Validación › TC-US-010-03: Validar campos obligatorios (Validación)" classname="products-extended.spec.ts" time="0.442">
<system-out>
<![CDATA[
[[ATTACHMENT|..\e2e-tests\test-results\products-extended-🍔-US-01-641a1-os-obligatorios-Validación--chromium\trace.zip]]
]]>
</system-out>
</testcase>
<testcase name="🍔 US-011: Editar Producto - Validación › TC-US-011-02: Validación de precio negativo (Validación)" classname="products-extended.spec.ts" time="0.278">
<system-out>
<![CDATA[
[[ATTACHMENT|..\e2e-tests\test-results\products-extended-🍔-US-01-9f710-precio-negativo-Validación--chromium\trace.zip]]
]]>
</system-out>
</testcase>
<testcase name="🍔 US-012: Eliminar Producto - Validación › TC-US-012-02: Eliminar producto inexistente (Validación)" classname="products-extended.spec.ts" time="0.225">
<system-out>
<![CDATA[
[[ATTACHMENT|..\e2e-tests\test-results\products-extended-🍔-US-01-1aafe-cto-inexistente-Validación--chromium\trace.zip]]
]]>
</system-out>
</testcase>
<testcase name="🍔 US-013: Listar Productos - Casos Avanzados › TC-US-013-03: Listado con paginación (Performance)" classname="products-extended.spec.ts" time="0.275">
<system-out>
<![CDATA[⚡ Tiempo de respuesta: 15ms

[[ATTACHMENT|..\e2e-tests\test-results\products-extended-🍔-US-01-aa451-con-paginación-Performance--chromium\trace.zip]]
]]>
</system-out>
</testcase>
<testcase name="🍔 US-013: Listar Productos - Casos Avanzados › TC-US-013-04: Filtrado por categoría (Funcional)" classname="products-extended.spec.ts" time="0.892">
<system-out>
<![CDATA[
[[ATTACHMENT|..\e2e-tests\test-results\products-extended-🍔-US-01-5811c-do-por-categoría-Funcional--chromium\trace.zip]]
]]>
</system-out>
</testcase>
</testsuite>
<testsuite name="products.spec.ts" timestamp="2025-12-17T22:28:22.711Z" hostname="chromium" tests="4" failures="0" skipped="0" time="1.575" errors="0">
<testcase name="📦 US-010: Crear Producto › TC-US-010-01: Crear producto con datos válidos (Positivo)" classname="products.spec.ts" time="0.481">
<system-out>
<![CDATA[
[[ATTACHMENT|..\e2e-tests\test-results\products-📦-US-010-Crear-P-a8da6-con-datos-válidos-Positivo--chromium\trace.zip]]
]]>
</system-out>
</testcase>
<testcase name="📦 US-010: Crear Producto › TC-US-010-02: Validar precio no negativo (Validación)" classname="products.spec.ts" time="0.443">
<system-out>
<![CDATA[
[[ATTACHMENT|..\e2e-tests\test-results\products-📦-US-010-Crear-P-41971-cio-no-negativo-Validación--chromium\trace.zip]]
]]>
</system-out>
</testcase>
<testcase name="📦 US-011: Editar Producto › TC-US-011-01: Actualizar precio de producto (Positivo)" classname="products.spec.ts" time="0.298">
<system-out>
<![CDATA[
[[ATTACHMENT|..\e2e-tests\test-results\products-📦-US-011-Editar--3f737-recio-de-producto-Positivo--chromium\trace.zip]]
]]>
</system-out>
</testcase>
<testcase name="📦 US-012: Eliminar Producto › TC-US-012-01: Eliminar producto existente (Positivo)" classname="products.spec.ts" time="0.353">
<system-out>
<![CDATA[
[[ATTACHMENT|..\e2e-tests\test-results\products-📦-US-012-Elimina-0fb3d-roducto-existente-Positivo--chromium\trace.zip]]
]]>
</system-out>
</testcase>
</testsuite>
<testsuite name="smoke.spec.ts" timestamp="2025-12-17T22:28:22.711Z" hostname="chromium" tests="4" failures="0" skipped="0" time="7.403" errors="0">
<testcase name="🔍 Smoke Tests - Verificación de Servicios › SMOKE-01: Frontend Mesero está disponible" classname="smoke.spec.ts" time="3.718">
<system-out>
<![CDATA[📝 Log guardado: C:\Users\maria.gutierrezn\Documents\SistemaDePedidosRestaurante\test-results\logs\SMOKE-01_1766010547572.json

[[ATTACHMENT|..\e2e-tests\test-results\smoke-🔍-Smoke-Tests---Ver-a3aac-tend-Mesero-está-disponible-chromium\test-finished-1.png]]

[[ATTACHMENT|..\e2e-tests\test-results\smoke-🔍-Smoke-Tests---Ver-a3aac-tend-Mesero-está-disponible-chromium\video.webm]]

[[ATTACHMENT|..\e2e-tests\test-results\smoke-🔍-Smoke-Tests---Ver-a3aac-tend-Mesero-está-disponible-chromium\trace.zip]]
]]>
</system-out>
</testcase>
<testcase name="🔍 Smoke Tests - Verificación de Servicios › SMOKE-02: Admin Frontend está disponible" classname="smoke.spec.ts" time="3.164">
<system-out>
<![CDATA[📝 Log guardado: C:\Users\maria.gutierrezn\Documents\SistemaDePedidosRestaurante\test-results\logs\SMOKE-02_1766010551537.json

[[ATTACHMENT|..\e2e-tests\test-results\smoke-🔍-Smoke-Tests---Ver-ea368-in-Frontend-está-disponible-chromium\test-finished-1.png]]

[[ATTACHMENT|..\e2e-tests\test-results\smoke-🔍-Smoke-Tests---Ver-ea368-in-Frontend-está-disponible-chromium\video.webm]]

[[ATTACHMENT|..\e2e-tests\test-results\smoke-🔍-Smoke-Tests---Ver-ea368-in-Frontend-está-disponible-chromium\trace.zip]]
]]>
</system-out>
</testcase>
<testcase name="🔍 Smoke Tests - Verificación de Servicios › SMOKE-03: API Gateway está respondiendo" classname="smoke.spec.ts" time="0.312">
<system-out>
<![CDATA[📝 Log guardado: C:\Users\maria.gutierrezn\Documents\SistemaDePedidosRestaurante\test-results\logs\SMOKE-03_1766010552914.json

[[ATTACHMENT|..\e2e-tests\test-results\smoke-🔍-Smoke-Tests---Ver-d453f-I-Gateway-está-respondiendo-chromium\trace.zip]]
]]>
</system-out>
</testcase>
<testcase name="🔍 Smoke Tests - Verificación de Servicios › SMOKE-04: Admin Service está respondiendo" classname="smoke.spec.ts" time="0.209">
<system-out>
<![CDATA[📝 Log guardado: C:\Users\maria.gutierrezn\Documents\SistemaDePedidosRestaurante\test-results\logs\SMOKE-04_1766010553550.json

[[ATTACHMENT|..\e2e-tests\test-results\smoke-🔍-Smoke-Tests---Ver-39de6-n-Service-está-respondiendo-chromium\trace.zip]]
]]>
</system-out>
</testcase>
</testsuite>
<testsuite name="tables-extended.spec.ts" timestamp="2025-12-17T22:28:22.711Z" hostname="chromium" tests="3" failures="0" skipped="0" time="0.894" errors="0">
<testcase name="🪑 US-016: Crear Mesa - Casos Avanzados › TC-US-016-04: Crear mesa con número muy alto (Borde)" classname="tables-extended.spec.ts" time="0.236">
<system-out>
<![CDATA[
[[ATTACHMENT|..\e2e-tests\test-results\tables-extended-🪑-US-016--e1bcd--con-número-muy-alto-Borde--chromium\trace.zip]]
]]>
</system-out>
</testcase>
<testcase name="🪑 US-017: Editar Mesa - Casos Avanzados › TC-US-017-04: Editar mesa con capacidad = 0 (Borde)" classname="tables-extended.spec.ts" time="0.306">
<system-out>
<![CDATA[
[[ATTACHMENT|..\e2e-tests\test-results\tables-extended-🪑-US-017--28eda-mesa-con-capacidad-0-Borde--chromium\trace.zip]]
]]>
</system-out>
</testcase>
<testcase name="🪑 US-019: Listar Mesas - Performance › TC-US-019-04: Listado con 500+ mesas (Borde)" classname="tables-extended.spec.ts" time="0.352">
<system-out>
<![CDATA[
[[ATTACHMENT|..\e2e-tests\test-results\tables-extended-🪑-US-019--8d924-istado-con-500-mesas-Borde--chromium\trace.zip]]
]]>
</system-out>
</testcase>
</testsuite>
<testsuite name="tables.spec.ts" timestamp="2025-12-17T22:28:22.711Z" hostname="chromium" tests="15" failures="0" skipped="0" time="9.672" errors="0">
<testcase name="🪑 US-016: Crear Mesa › TC-US-016-01: Creación exitosa de mesa (Positivo)" classname="tables.spec.ts" time="0.062">
<system-out>
<![CDATA[📝 Log guardado: C:\Users\maria.gutierrezn\Documents\SistemaDePedidosRestaurante\test-results\logs\TC-US-016-01_1766010557022.json

[[ATTACHMENT|..\e2e-tests\test-results\tables-🪑-US-016-Crear-Mes-606ae-n-exitosa-de-mesa-Positivo--chromium\trace.zip]]
]]>
</system-out>
</testcase>
<testcase name="🪑 US-016: Crear Mesa › TC-US-016-02: Creación de mesa duplicada (Negativo)" classname="tables.spec.ts" time="0.034">
<system-out>
<![CDATA[📝 Log guardado: C:\Users\maria.gutierrezn\Documents\SistemaDePedidosRestaurante\test-results\logs\TC-US-016-02_1766010558044.json

[[ATTACHMENT|..\e2e-tests\test-results\tables-🪑-US-016-Crear-Mes-73e56-de-mesa-duplicada-Negativo--chromium\trace.zip]]
]]>
</system-out>
</testcase>
<testcase name="🪑 US-016: Crear Mesa › TC-US-016-03: Creación de mesa en límite máximo (Borde)" classname="tables.spec.ts" time="0.041">
<system-out>
<![CDATA[📝 Log guardado: C:\Users\maria.gutierrezn\Documents\SistemaDePedidosRestaurante\test-results\logs\TC-US-016-03_1766010558695.json

[[ATTACHMENT|..\e2e-tests\test-results\tables-🪑-US-016-Crear-Mes-19bb4-esa-en-límite-máximo-Borde--chromium\trace.zip]]
]]>
</system-out>
</testcase>
<testcase name="🪑 US-017: Editar Mesa › TC-US-017-01: Edición correcta de mesa (Positivo)" classname="tables.spec.ts" time="0.028">
<system-out>
<![CDATA[
[[ATTACHMENT|..\e2e-tests\test-results\tables-🪑-US-017-Editar-Me-c2ac5--correcta-de-mesa-Positivo--chromium\trace.zip]]
]]>
</system-out>
</testcase>
<testcase name="🪑 US-018: Cambiar Estado de Mesa › TC-US-018-01: Cambio de estado disponible a reservada (Positivo)" classname="tables.spec.ts" time="0.043">
<system-out>
<![CDATA[
[[ATTACHMENT|..\e2e-tests\test-results\tables-🪑-US-018-Cambiar-E-2d730-nible-a-reservada-Positivo--chromium\trace.zip]]
]]>
</system-out>
</testcase>
<testcase name="🪑 US-020: Liberar Mesa Automáticamente › TC-US-020-01: Liberación automática de mesa (Positivo)" classname="tables.spec.ts" time="0.034">
<system-out>
<![CDATA[
[[ATTACHMENT|..\e2e-tests\test-results\tables-🪑-US-020-Liberar-M-4054d-utomática-de-mesa-Positivo--chromium\trace.zip]]
]]>
</system-out>
</testcase>
<testcase name="🪑 US-020: Liberar Mesa Automáticamente › TC-US-020-02: Liberación con pedido pendiente (Negativo)" classname="tables.spec.ts" time="0.191">
<system-out>
<![CDATA[📝 Log guardado: C:\Users\maria.gutierrezn\Documents\SistemaDePedidosRestaurante\test-results\logs\TC-US-020-02_1766010562304.json

[[ATTACHMENT|..\e2e-tests\test-results\tables-🪑-US-020-Liberar-M-df543--pedido-pendiente-Negativo--chromium\trace.zip]]
]]>
</system-out>
</testcase>
<testcase name="🪑 US-020: Liberar Mesa Automáticamente › TC-US-020-03: Timeout de liberación automática (Borde)" classname="tables.spec.ts" time="0.272">
<system-out>
<![CDATA[📝 Log guardado: C:\Users\maria.gutierrezn\Documents\SistemaDePedidosRestaurante\test-results\logs\TC-US-020-03_1766010562875.json

[[ATTACHMENT|..\e2e-tests\test-results\tables-🪑-US-020-Liberar-M-24f0a-iberación-automática-Borde--chromium\trace.zip]]
]]>
</system-out>
</testcase>
<testcase name="🪑 US-017: Editar Mesa - Casos Adicionales › TC-US-017-02: Edición de mesa ocupada (Negativo)" classname="tables.spec.ts" time="0.263">
<system-out>
<![CDATA[📝 Log guardado: C:\Users\maria.gutierrezn\Documents\SistemaDePedidosRestaurante\test-results\logs\TC-US-017-02_1766010563833.json

[[ATTACHMENT|..\e2e-tests\test-results\tables-🪑-US-017-Editar-Me-90f5b-n-de-mesa-ocupada-Negativo--chromium\trace.zip]]
]]>
</system-out>
</testcase>
<testcase name="🪑 US-017: Editar Mesa - Casos Adicionales › TC-US-017-03: Cambio de número a duplicado (Borde)" classname="tables.spec.ts" time="0.387">
<system-out>
<![CDATA[📝 Log guardado: C:\Users\maria.gutierrezn\Documents\SistemaDePedidosRestaurante\test-results\logs\TC-US-017-03_1766010564904.json

[[ATTACHMENT|..\e2e-tests\test-results\tables-🪑-US-017-Editar-Me-b3a76-e-número-a-duplicado-Borde--chromium\trace.zip]]
]]>
</system-out>
</testcase>
<testcase name="🪑 US-018: Cambiar Estado de Mesa - Casos Adicionales › TC-US-018-02: Estado inválido (Negativo)" classname="tables.spec.ts" time="0.326">
<system-out>
<![CDATA[📝 Log guardado: C:\Users\maria.gutierrezn\Documents\SistemaDePedidosRestaurante\test-results\logs\TC-US-018-02_1766010565977.json

[[ATTACHMENT|..\e2e-tests\test-results\tables-🪑-US-018-Cambiar-E-ef3e3-2-Estado-inválido-Negativo--chromium\trace.zip]]
]]>
</system-out>
</testcase>
<testcase name="🪑 US-018: Cambiar Estado de Mesa - Casos Adicionales › TC-US-018-03: Concurrencia en cambio de estado (Borde)" classname="tables.spec.ts" time="2.578">
<system-out>
<![CDATA[📝 Log guardado: C:\Users\maria.gutierrezn\Documents\SistemaDePedidosRestaurante\test-results\logs\TC-US-018-03_1766010569165.json

[[ATTACHMENT|..\e2e-tests\test-results\tables-🪑-US-018-Cambiar-E-b3e7e--en-cambio-de-estado-Borde--chromium\trace.zip]]
]]>
</system-out>
</testcase>
<testcase name="🪑 US-019: Mapa en Tiempo Real › TC-US-019-01: Mapa actualizado en tiempo real (Positivo)" classname="tables.spec.ts" time="1.41">
<system-out>
<![CDATA[📝 Log guardado: C:\Users\maria.gutierrezn\Documents\SistemaDePedidosRestaurante\test-results\logs\TC-US-019-01_1766010571314.json

[[ATTACHMENT|..\e2e-tests\test-results\tables-🪑-US-019-Mapa-en-T-d1aef-do-en-tiempo-real-Positivo--chromium\trace.zip]]
]]>
</system-out>
</testcase>
<testcase name="🪑 US-019: Mapa en Tiempo Real › TC-US-019-02: WebSocket desconectado (Negativo)" classname="tables.spec.ts" time="1.782">
<system-out>
<![CDATA[📝 Log guardado: C:\Users\maria.gutierrezn\Documents\SistemaDePedidosRestaurante\test-results\logs\TC-US-019-02_1766010573408.json

[[ATTACHMENT|..\e2e-tests\test-results\tables-🪑-US-019-Mapa-en-T-42ca6-cket-desconectado-Negativo--chromium\trace.zip]]
]]>
</system-out>
</testcase>
<testcase name="🪑 US-019: Mapa en Tiempo Real › TC-US-019-03: 100 mesas simultáneas (Borde)" classname="tables.spec.ts" time="2.221">
<system-out>
<![CDATA[📝 Log guardado: C:\Users\maria.gutierrezn\Documents\SistemaDePedidosRestaurante\test-results\logs\TC-US-019-03_1766010576541.json

[[ATTACHMENT|..\e2e-tests\test-results\tables-🪑-US-019-Mapa-en-T-640bd-00-mesas-simultáneas-Borde--chromium\trace.zip]]
]]>
</system-out>
</testcase>
</testsuite>
<testsuite name="users.spec.ts" timestamp="2025-12-17T22:28:22.711Z" hostname="chromium" tests="15" failures="0" skipped="0" time="13.787" errors="0">
<testcase name="👥 US-006: Crear Usuario › TC-US-006-01: Creación exitosa de usuario (Positivo)" classname="users.spec.ts" time="0.359">
<system-out>
<![CDATA[
[[ATTACHMENT|..\e2e-tests\test-results\users-👥-US-006-Crear-Usua-917c6-xitosa-de-usuario-Positivo--chromium\trace.zip]]
]]>
</system-out>
</testcase>
<testcase name="👥 US-006: Crear Usuario › TC-US-006-02: Creación de usuario duplicado (Negativo)" classname="users.spec.ts" time="0.893">
<system-out>
<![CDATA[
[[ATTACHMENT|..\e2e-tests\test-results\users-👥-US-006-Crear-Usua-b797a-usuario-duplicado-Negativo--chromium\trace.zip]]
]]>
</system-out>
</testcase>
<testcase name="👥 US-007: Editar Usuario › TC-US-007-01: Edición correcta de usuario (Positivo)" classname="users.spec.ts" time="0.206">
<system-out>
<![CDATA[
[[ATTACHMENT|..\e2e-tests\test-results\users-👥-US-007-Editar-Usu-5a9e4-rrecta-de-usuario-Positivo--chromium\trace.zip]]
]]>
</system-out>
</testcase>
<testcase name="👥 US-008: Desactivar Usuario › TC-US-008-01: Desactivación de usuario (Positivo)" classname="users.spec.ts" time="0.286">
<system-out>
<![CDATA[
[[ATTACHMENT|..\e2e-tests\test-results\users-👥-US-008-Desactivar-07fd8-vación-de-usuario-Positivo--chromium\trace.zip]]
]]>
</system-out>
</testcase>
<testcase name="👥 US-009: Listar Usuarios › TC-US-009-01: Listado de usuarios (Positivo)" classname="users.spec.ts" time="0.327">
<system-out>
<![CDATA[
[[ATTACHMENT|..\e2e-tests\test-results\users-👥-US-009-Listar-Usu-fe089-stado-de-usuarios-Positivo--chromium\trace.zip]]
]]>
</system-out>
</testcase>
<testcase name="👥 US-009: Listar Usuarios › TC-US-009-02: Listado sin permisos (Negativo)" classname="users.spec.ts" time="0.338">
<system-out>
<![CDATA[
[[ATTACHMENT|..\e2e-tests\test-results\users-👥-US-009-Listar-Usu-7344e-tado-sin-permisos-Negativo--chromium\trace.zip]]
]]>
</system-out>
</testcase>
<testcase name="👥 US-005: Seguridad de Acceso › TC-US-005-04: Bloqueo de usuario desactivado (Positivo)" classname="users.spec.ts" time="0.207">
<system-out>
<![CDATA[
[[ATTACHMENT|..\e2e-tests\test-results\users-👥-US-005-Seguridad--996a3-uario-desactivado-Positivo--chromium\trace.zip]]
]]>
</system-out>
</testcase>
<testcase name="👥 US-005: Seguridad de Acceso › TC-US-005-05: Acceso con sesión robada (Negativo)" classname="users.spec.ts" time="0.897">
<system-out>
<![CDATA[📝 Log guardado: C:\Users\maria.gutierrezn\Documents\SistemaDePedidosRestaurante\test-results\logs\TC-US-005-05_1766010583759.json

[[ATTACHMENT|..\e2e-tests\test-results\users-👥-US-005-Seguridad--36b41-con-sesión-robada-Negativo--chromium\test-finished-1.png]]

[[ATTACHMENT|..\e2e-tests\test-results\users-👥-US-005-Seguridad--36b41-con-sesión-robada-Negativo--chromium\video.webm]]

[[ATTACHMENT|..\e2e-tests\test-results\users-👥-US-005-Seguridad--36b41-con-sesión-robada-Negativo--chromium\trace.zip]]
]]>
</system-out>
</testcase>
<testcase name="👥 US-005: Seguridad de Acceso › TC-US-005-06: Rate limiting en intentos de login (Borde)" classname="users.spec.ts" time="1.629">
<system-out>
<![CDATA[📝 Log guardado: C:\Users\maria.gutierrezn\Documents\SistemaDePedidosRestaurante\test-results\logs\TC-US-005-06_1766010586051.json

[[ATTACHMENT|..\e2e-tests\test-results\users-👥-US-005-Seguridad--d0482-en-intentos-de-login-Borde--chromium\trace.zip]]
]]>
</system-out>
</testcase>
<testcase name="👥 US-006: Crear Usuario - Casos Adicionales › TC-US-006-03: Username con 50 caracteres (Borde)" classname="users.spec.ts" time="2.579">
<system-out>
<![CDATA[📝 Log guardado: C:\Users\maria.gutierrezn\Documents\SistemaDePedidosRestaurante\test-results\logs\TC-US-006-03_1766010588555.json

[[ATTACHMENT|..\e2e-tests\test-results\users-👥-US-006-Crear-Usua-c41bc-me-con-50-caracteres-Borde--chromium\test-finished-1.png]]

[[ATTACHMENT|..\e2e-tests\test-results\users-👥-US-006-Crear-Usua-c41bc-me-con-50-caracteres-Borde--chromium\video.webm]]

[[ATTACHMENT|..\e2e-tests\test-results\users-👥-US-006-Crear-Usua-c41bc-me-con-50-caracteres-Borde--chromium\trace.zip]]
]]>
</system-out>
</testcase>
<testcase name="👥 US-007: Editar Usuario - Casos Adicionales › TC-US-007-02: Edición con datos inválidos (Negativo)" classname="users.spec.ts" time="4.197">
<system-out>
<![CDATA[📝 Log guardado: C:\Users\maria.gutierrezn\Documents\SistemaDePedidosRestaurante\test-results\logs\TC-US-007-02_1766010593429.json

[[ATTACHMENT|..\e2e-tests\test-results\users-👥-US-007-Editar-Usu-37b4f-n-datos-inválidos-Negativo--chromium\test-finished-1.png]]

[[ATTACHMENT|..\e2e-tests\test-results\users-👥-US-007-Editar-Usu-37b4f-n-datos-inválidos-Negativo--chromium\video.webm]]

[[ATTACHMENT|..\e2e-tests\test-results\users-👥-US-007-Editar-Usu-37b4f-n-datos-inválidos-Negativo--chromium\trace.zip]]
]]>
</system-out>
</testcase>
<testcase name="👥 US-007: Editar Usuario - Casos Adicionales › TC-US-007-03: Edición concurrente del mismo usuario (Borde)" classname="users.spec.ts" time="0.273">
<system-out>
<![CDATA[📝 Log guardado: C:\Users\maria.gutierrezn\Documents\SistemaDePedidosRestaurante\test-results\logs\TC-US-007-03_1766010594599.json

[[ATTACHMENT|..\e2e-tests\test-results\users-👥-US-007-Editar-Usu-a3c78-te-del-mismo-usuario-Borde--chromium\trace.zip]]
]]>
</system-out>
</testcase>
<testcase name="👥 US-008: Desactivar Usuario - Casos Adicionales › TC-US-008-02: Desactivar usuario inexistente (Negativo)" classname="users.spec.ts" time="0.36">
<system-out>
<![CDATA[📝 Log guardado: C:\Users\maria.gutierrezn\Documents\SistemaDePedidosRestaurante\test-results\logs\TC-US-008-02_1766010595679.json

[[ATTACHMENT|..\e2e-tests\test-results\users-👥-US-008-Desactivar-a8632-uario-inexistente-Negativo--chromium\trace.zip]]
]]>
</system-out>
</testcase>
<testcase name="👥 US-008: Desactivar Usuario - Casos Adicionales › TC-US-008-03: Desactivación masiva de usuarios (Borde)" classname="users.spec.ts" time="1.054">
<system-out>
<![CDATA[📝 Log guardado: C:\Users\maria.gutierrezn\Documents\SistemaDePedidosRestaurante\test-results\logs\TC-US-008-03_1766010597363.json

[[ATTACHMENT|..\e2e-tests\test-results\users-👥-US-008-Desactivar-f43cc-n-masiva-de-usuarios-Borde--chromium\trace.zip]]
]]>
</system-out>
</testcase>
<testcase name="👥 US-009: Listar Usuarios - Casos Adicionales › TC-US-009-03: Listado con 1000+ usuarios (Borde)" classname="users.spec.ts" time="0.182">
<system-out>
<![CDATA[📝 Log guardado: C:\Users\maria.gutierrezn\Documents\SistemaDePedidosRestaurante\test-results\logs\TC-US-009-03_1766010598318.json

[[ATTACHMENT|..\e2e-tests\test-results\users-👥-US-009-Listar-Usu-c3c87-do-con-1000-usuarios-Borde--chromium\trace.zip]]
]]>
</system-out>
</testcase>
</testsuite>
</testsuites>